<?xml version="1.0" encoding="UTF-8"?>
<!-- Generated by org.testng.reporters.JUnitReportReporter -->
<testsuite hostname="DESKTOP-BFUD0BJ" failures="0" tests="1" name="com.Mahi.testscripts.CreateCustomer" time="0.032" errors="0" timestamp="07 Jun 2023 13:05:34 GMT" skipped="0">
  <testcase classname="com.Mahi.testscripts.CreateCustomer" name="testCreateCustomer" time="0.032"/>
</testsuite> <!-- com.Mahi.testscripts.CreateCustomer -->
